{
"/Users/stemey/work/projects/aem-react-js/store/Cache.tsx":{"path":"/Users/stemey/work/projects/aem-react-js/store/Cache.tsx","s":{"1":1,"2":1,"3":1,"4":12,"5":12,"6":12,"7":12,"8":1,"9":4,"10":4,"11":8,"12":8,"13":4,"14":4,"15":4,"16":1,"17":2,"18":2,"19":2,"20":1,"21":1,"22":1,"23":1,"24":0,"25":0,"26":0,"27":0,"28":0,"29":1,"30":8,"31":1,"32":8,"33":8,"34":8,"35":8,"36":9,"37":9,"38":8,"39":8,"40":8,"41":1,"42":8,"43":1,"44":7,"45":4,"46":3,"47":1,"48":2,"49":2,"50":0,"51":1,"52":1,"53":1,"54":4,"55":1,"56":0,"57":1,"58":0,"59":1,"60":0,"61":1,"62":0,"63":1,"64":0,"65":1,"66":0,"67":0,"68":0,"69":0,"70":1,"71":0,"72":0,"73":0,"74":1,"75":16,"76":8,"77":8,"78":1,"79":6,"80":6,"81":0,"82":6,"83":1},"b":{"1":[4,4],"2":[2,0],"3":[0,0],"4":[16,9],"5":[8,1],"6":[1,7],"7":[8,7],"8":[4,3],"9":[1,2],"10":[2,0],"11":[0,0],"12":[8,8],"13":[16,15,15],"14":[0,6],"15":[6,6]},"f":{"1":4,"2":2,"3":0,"4":8,"5":8,"6":1,"7":4,"8":0,"9":0,"10":0,"11":0,"12":0,"13":0,"14":16,"15":6},"fnMap":{"1":{"name":"(anonymous_3)","line":25,"loc":{"start":{"line":25,"column":4},"end":{"line":25,"column":79}}},"2":{"name":"(anonymous_4)","line":37,"loc":{"start":{"line":37,"column":4},"end":{"line":37,"column":65}}},"3":{"name":"(anonymous_5)","line":47,"loc":{"start":{"line":47,"column":4},"end":{"line":47,"column":32}}},"4":{"name":"(anonymous_6)","line":56,"loc":{"start":{"line":56,"column":4},"end":{"line":56,"column":58}}},"5":{"name":"(anonymous_7)","line":60,"loc":{"start":{"line":60,"column":4},"end":{"line":60,"column":43}}},"6":{"name":"(anonymous_8)","line":89,"loc":{"start":{"line":89,"column":4},"end":{"line":89,"column":55}}},"7":{"name":"(anonymous_9)","line":93,"loc":{"start":{"line":93,"column":4},"end":{"line":93,"column":37}}},"8":{"name":"(anonymous_10)","line":97,"loc":{"start":{"line":97,"column":4},"end":{"line":97,"column":57}}},"9":{"name":"(anonymous_11)","line":101,"loc":{"start":{"line":101,"column":4},"end":{"line":101,"column":33}}},"10":{"name":"(anonymous_12)","line":105,"loc":{"start":{"line":105,"column":4},"end":{"line":105,"column":53}}},"11":{"name":"(anonymous_13)","line":109,"loc":{"start":{"line":109,"column":4},"end":{"line":109,"column":35}}},"12":{"name":"(anonymous_16)","line":126,"loc":{"start":{"line":126,"column":4},"end":{"line":126,"column":42}}},"13":{"name":"(anonymous_17)","line":128,"loc":{"start":{"line":128,"column":40},"end":{"line":128,"column":52}}},"14":{"name":"(anonymous_18)","line":134,"loc":{"start":{"line":134,"column":4},"end":{"line":134,"column":41}}},"15":{"name":"(anonymous_19)","line":141,"loc":{"start":{"line":141,"column":4},"end":{"line":141,"column":49}}}},"statementMap":{"1":{"start":{"line":1,"column":0},"end":{"line":1,"column":45}},"2":{"start":{"line":11,"column":0},"end":{"line":151,"column":1}},"3":{"start":{"line":13,"column":4},"end":{"line":18,"column":5}},"4":{"start":{"line":14,"column":8},"end":{"line":14,"column":28}},"5":{"start":{"line":15,"column":8},"end":{"line":15,"column":26}},"6":{"start":{"line":16,"column":8},"end":{"line":16,"column":27}},"7":{"start":{"line":17,"column":8},"end":{"line":17,"column":31}},"8":{"start":{"line":25,"column":11},"end":{"line":35,"column":5}},"9":{"start":{"line":26,"column":8},"end":{"line":26,"column":60}},"10":{"start":{"line":27,"column":8},"end":{"line":32,"column":9}},"11":{"start":{"line":28,"column":12},"end":{"line":28,"column":37}},"12":{"start":{"line":29,"column":12},"end":{"line":31,"column":13}},"13":{"start":{"line":30,"column":16},"end":{"line":30,"column":32}},"14":{"start":{"line":33,"column":8},"end":{"line":33,"column":24}},"15":{"start":{"line":34,"column":8},"end":{"line":34,"column":24}},"16":{"start":{"line":37,"column":11},"end":{"line":45,"column":5}},"17":{"start":{"line":38,"column":8},"end":{"line":38,"column":54}},"18":{"start":{"line":39,"column":8},"end":{"line":43,"column":9}},"19":{"start":{"line":40,"column":12},"end":{"line":40,"column":32}},"20":{"start":{"line":41,"column":12},"end":{"line":41,"column":55}},"21":{"start":{"line":42,"column":12},"end":{"line":42,"column":50}},"22":{"start":{"line":44,"column":8},"end":{"line":44,"column":22}},"23":{"start":{"line":47,"column":11},"end":{"line":54,"column":5}},"24":{"start":{"line":48,"column":8},"end":{"line":53,"column":9}},"25":{"start":{"line":49,"column":12},"end":{"line":49,"column":56}},"26":{"start":{"line":50,"column":12},"end":{"line":50,"column":54}},"27":{"start":{"line":51,"column":12},"end":{"line":51,"column":52}},"28":{"start":{"line":52,"column":12},"end":{"line":52,"column":62}},"29":{"start":{"line":56,"column":11},"end":{"line":58,"column":5}},"30":{"start":{"line":57,"column":8},"end":{"line":57,"column":83}},"31":{"start":{"line":60,"column":11},"end":{"line":87,"column":5}},"32":{"start":{"line":61,"column":8},"end":{"line":61,"column":65}},"33":{"start":{"line":62,"column":8},"end":{"line":62,"column":35}},"34":{"start":{"line":63,"column":8},"end":{"line":63,"column":59}},"35":{"start":{"line":64,"column":8},"end":{"line":73,"column":9}},"36":{"start":{"line":65,"column":12},"end":{"line":65,"column":61}},"37":{"start":{"line":66,"column":12},"end":{"line":72,"column":13}},"38":{"start":{"line":67,"column":16},"end":{"line":67,"column":35}},"39":{"start":{"line":68,"column":16},"end":{"line":68,"column":56}},"40":{"start":{"line":69,"column":16},"end":{"line":69,"column":55}},"41":{"start":{"line":71,"column":16},"end":{"line":71,"column":22}},"42":{"start":{"line":75,"column":8},"end":{"line":85,"column":9}},"43":{"start":{"line":76,"column":12},"end":{"line":76,"column":24}},"44":{"start":{"line":77,"column":15},"end":{"line":85,"column":9}},"45":{"start":{"line":78,"column":12},"end":{"line":78,"column":60}},"46":{"start":{"line":79,"column":15},"end":{"line":85,"column":9}},"47":{"start":{"line":80,"column":12},"end":{"line":80,"column":24}},"48":{"start":{"line":81,"column":15},"end":{"line":85,"column":9}},"49":{"start":{"line":82,"column":12},"end":{"line":82,"column":60}},"50":{"start":{"line":84,"column":12},"end":{"line":84,"column":24}},"51":{"start":{"line":89,"column":11},"end":{"line":91,"column":5}},"52":{"start":{"line":90,"column":8},"end":{"line":90,"column":45}},"53":{"start":{"line":93,"column":11},"end":{"line":95,"column":5}},"54":{"start":{"line":94,"column":8},"end":{"line":94,"column":38}},"55":{"start":{"line":97,"column":11},"end":{"line":99,"column":5}},"56":{"start":{"line":98,"column":8},"end":{"line":98,"column":36}},"57":{"start":{"line":101,"column":11},"end":{"line":103,"column":5}},"58":{"start":{"line":102,"column":8},"end":{"line":102,"column":34}},"59":{"start":{"line":105,"column":11},"end":{"line":107,"column":5}},"60":{"start":{"line":106,"column":8},"end":{"line":106,"column":39}},"61":{"start":{"line":109,"column":11},"end":{"line":111,"column":5}},"62":{"start":{"line":110,"column":8},"end":{"line":110,"column":35}},"63":{"start":{"line":113,"column":11},"end":{"line":117,"column":5}},"64":{"start":{"line":114,"column":8},"end":{"line":116,"column":10}},"65":{"start":{"line":119,"column":11},"end":{"line":124,"column":5}},"66":{"start":{"line":120,"column":8},"end":{"line":120,"column":28}},"67":{"start":{"line":121,"column":8},"end":{"line":121,"column":26}},"68":{"start":{"line":122,"column":8},"end":{"line":122,"column":27}},"69":{"start":{"line":123,"column":8},"end":{"line":123,"column":31}},"70":{"start":{"line":126,"column":12},"end":{"line":132,"column":5}},"71":{"start":{"line":127,"column":8},"end":{"line":131,"column":9}},"72":{"start":{"line":128,"column":12},"end":{"line":130,"column":15}},"73":{"start":{"line":129,"column":16},"end":{"line":129,"column":42}},"74":{"start":{"line":134,"column":12},"end":{"line":139,"column":5}},"75":{"start":{"line":135,"column":8},"end":{"line":137,"column":9}},"76":{"start":{"line":136,"column":12},"end":{"line":136,"column":22}},"77":{"start":{"line":138,"column":8},"end":{"line":138,"column":21}},"78":{"start":{"line":141,"column":12},"end":{"line":148,"column":5}},"79":{"start":{"line":142,"column":8},"end":{"line":142,"column":65}},"80":{"start":{"line":143,"column":8},"end":{"line":147,"column":9}},"81":{"start":{"line":144,"column":12},"end":{"line":144,"column":22}},"82":{"start":{"line":146,"column":12},"end":{"line":146,"column":27}},"83":{"start":{"line":151,"column":0},"end":{"line":151,"column":1}}},"branchMap":{"1":{"line":29,"type":"if","locations":[{"start":{"line":29,"column":12},"end":{"line":29,"column":11}},{"start":{"line":29,"column":12},"end":{"line":29,"column":11}}]},"2":{"line":39,"type":"if","locations":[{"start":{"line":39,"column":8},"end":{"line":39,"column":7}},{"start":{"line":39,"column":8},"end":{"line":39,"column":7}}]},"3":{"line":48,"type":"if","locations":[{"start":{"line":48,"column":8},"end":{"line":48,"column":7}},{"start":{"line":48,"column":8},"end":{"line":48,"column":7}}]},"4":{"line":64,"type":"binary-expr","locations":[{"start":{"line":64,"column":15},"end":{"line":64,"column":24}},{"start":{"line":64,"column":28},"end":{"line":64,"column":40}}]},"5":{"line":66,"type":"if","locations":[{"start":{"line":66,"column":12},"end":{"line":66,"column":11}},{"start":{"line":66,"column":12},"end":{"line":66,"column":11}}]},"6":{"line":75,"type":"if","locations":[{"start":{"line":75,"column":8},"end":{"line":75,"column":7}},{"start":{"line":75,"column":8},"end":{"line":75,"column":7}}]},"7":{"line":75,"type":"binary-expr","locations":[{"start":{"line":75,"column":12},"end":{"line":75,"column":43}},{"start":{"line":75,"column":47},"end":{"line":75,"column":64}}]},"8":{"line":77,"type":"if","locations":[{"start":{"line":77,"column":15},"end":{"line":77,"column":14}},{"start":{"line":77,"column":15},"end":{"line":77,"column":14}}]},"9":{"line":79,"type":"if","locations":[{"start":{"line":79,"column":15},"end":{"line":79,"column":14}},{"start":{"line":79,"column":15},"end":{"line":79,"column":14}}]},"10":{"line":81,"type":"if","locations":[{"start":{"line":81,"column":15},"end":{"line":81,"column":14}},{"start":{"line":81,"column":15},"end":{"line":81,"column":14}}]},"11":{"line":127,"type":"if","locations":[{"start":{"line":127,"column":8},"end":{"line":127,"column":7}},{"start":{"line":127,"column":8},"end":{"line":127,"column":7}}]},"12":{"line":135,"type":"if","locations":[{"start":{"line":135,"column":8},"end":{"line":135,"column":7}},{"start":{"line":135,"column":8},"end":{"line":135,"column":7}}]},"13":{"line":135,"type":"binary-expr","locations":[{"start":{"line":135,"column":12},"end":{"line":135,"column":21}},{"start":{"line":135,"column":25},"end":{"line":135,"column":39}},{"start":{"line":135,"column":43},"end":{"line":135,"column":71}}]},"14":{"line":143,"type":"if","locations":[{"start":{"line":143,"column":8},"end":{"line":143,"column":7}},{"start":{"line":143,"column":8},"end":{"line":143,"column":7}}]},"15":{"line":143,"type":"binary-expr","locations":[{"start":{"line":143,"column":12},"end":{"line":143,"column":42}},{"start":{"line":143,"column":46},"end":{"line":143,"column":62}}]}},"l":{"1":1,"11":1,"13":1,"14":12,"15":12,"16":12,"17":12,"25":1,"26":4,"27":4,"28":8,"29":8,"30":4,"33":4,"34":4,"37":1,"38":2,"39":2,"40":2,"41":1,"42":1,"44":1,"47":1,"48":0,"49":0,"50":0,"51":0,"52":0,"56":1,"57":8,"60":1,"61":8,"62":8,"63":8,"64":8,"65":9,"66":9,"67":8,"68":8,"69":8,"71":1,"75":8,"76":1,"77":7,"78":4,"79":3,"80":1,"81":2,"82":2,"84":0,"89":1,"90":1,"93":1,"94":4,"97":1,"98":0,"101":1,"102":0,"105":1,"106":0,"109":1,"110":0,"113":1,"114":0,"119":1,"120":0,"121":0,"122":0,"123":0,"126":1,"127":0,"128":0,"129":0,"134":1,"135":16,"136":8,"138":8,"141":1,"142":6,"143":6,"144":0,"146":6,"151":1}},
"/Users/stemey/work/projects/aem-react-js/ResourceUtils.tsx":{"path":"/Users/stemey/work/projects/aem-react-js/ResourceUtils.tsx","s":{"1":1,"2":1,"3":1,"4":0,"5":0,"6":0,"7":0,"8":0,"9":0,"10":0,"11":1,"12":6,"13":6,"14":6,"15":0,"16":6,"17":1,"18":3,"19":1,"20":9,"21":9,"22":9,"23":9,"24":1,"25":8,"26":8,"27":8,"28":1,"29":2,"30":2,"31":1,"32":1,"33":1,"34":1,"35":1},"b":{"1":[0,0],"2":[0,0],"3":[0,6],"4":[1,8],"5":[1,1]},"f":{"1":0,"2":0,"3":6,"4":3,"5":9,"6":2},"fnMap":{"1":{"name":"(anonymous_3)","line":10,"loc":{"start":{"line":10,"column":4},"end":{"line":10,"column":43}}},"2":{"name":"(anonymous_4)","line":13,"loc":{"start":{"line":13,"column":42},"end":{"line":13,"column":63}}},"3":{"name":"(anonymous_5)","line":23,"loc":{"start":{"line":23,"column":4},"end":{"line":23,"column":55}}},"4":{"name":"(anonymous_6)","line":33,"loc":{"start":{"line":33,"column":4},"end":{"line":33,"column":45}}},"5":{"name":"(anonymous_7)","line":37,"loc":{"start":{"line":37,"column":4},"end":{"line":37,"column":66}}},"6":{"name":"(anonymous_8)","line":50,"loc":{"start":{"line":50,"column":4},"end":{"line":50,"column":59}}}},"statementMap":{"1":{"start":{"line":1,"column":0},"end":{"line":59,"column":1}},"2":{"start":{"line":1,"column":0},"end":{"line":59,"column":1}},"3":{"start":{"line":10,"column":18},"end":{"line":21,"column":5}},"4":{"start":{"line":11,"column":8},"end":{"line":11,"column":31}},"5":{"start":{"line":12,"column":8},"end":{"line":19,"column":9}},"6":{"start":{"line":13,"column":12},"end":{"line":18,"column":15}},"7":{"start":{"line":14,"column":16},"end":{"line":14,"column":51}},"8":{"start":{"line":15,"column":16},"end":{"line":17,"column":17}},"9":{"start":{"line":16,"column":20},"end":{"line":16,"column":51}},"10":{"start":{"line":20,"column":8},"end":{"line":20,"column":24}},"11":{"start":{"line":23,"column":18},"end":{"line":31,"column":5}},"12":{"start":{"line":24,"column":8},"end":{"line":29,"column":9}},"13":{"start":{"line":25,"column":12},"end":{"line":25,"column":33}},"14":{"start":{"line":26,"column":12},"end":{"line":28,"column":13}},"15":{"start":{"line":27,"column":16},"end":{"line":27,"column":22}},"16":{"start":{"line":30,"column":8},"end":{"line":30,"column":20}},"17":{"start":{"line":33,"column":18},"end":{"line":35,"column":5}},"18":{"start":{"line":34,"column":8},"end":{"line":34,"column":62}},"19":{"start":{"line":37,"column":18},"end":{"line":48,"column":5}},"20":{"start":{"line":38,"column":8},"end":{"line":38,"column":35}},"21":{"start":{"line":39,"column":8},"end":{"line":46,"column":9}},"22":{"start":{"line":40,"column":12},"end":{"line":40,"column":62}},"23":{"start":{"line":41,"column":12},"end":{"line":43,"column":13}},"24":{"start":{"line":42,"column":16},"end":{"line":42,"column":28}},"25":{"start":{"line":44,"column":12},"end":{"line":44,"column":60}},"26":{"start":{"line":45,"column":12},"end":{"line":45,"column":60}},"27":{"start":{"line":47,"column":8},"end":{"line":47,"column":54}},"28":{"start":{"line":50,"column":18},"end":{"line":57,"column":5}},"29":{"start":{"line":51,"column":8},"end":{"line":51,"column":63}},"30":{"start":{"line":52,"column":8},"end":{"line":54,"column":9}},"31":{"start":{"line":53,"column":12},"end":{"line":53,"column":31}},"32":{"start":{"line":55,"column":8},"end":{"line":55,"column":51}},"33":{"start":{"line":56,"column":8},"end":{"line":56,"column":100}},"34":{"start":{"line":3,"column":18},"end":{"line":3,"column":56}},"35":{"start":{"line":59,"column":0},"end":{"line":59,"column":1}}},"branchMap":{"1":{"line":12,"type":"if","locations":[{"start":{"line":12,"column":8},"end":{"line":12,"column":7}},{"start":{"line":12,"column":8},"end":{"line":12,"column":7}}]},"2":{"line":15,"type":"if","locations":[{"start":{"line":15,"column":16},"end":{"line":15,"column":15}},{"start":{"line":15,"column":16},"end":{"line":15,"column":15}}]},"3":{"line":26,"type":"if","locations":[{"start":{"line":26,"column":12},"end":{"line":26,"column":11}},{"start":{"line":26,"column":12},"end":{"line":26,"column":11}}]},"4":{"line":41,"type":"if","locations":[{"start":{"line":41,"column":12},"end":{"line":41,"column":11}},{"start":{"line":41,"column":12},"end":{"line":41,"column":11}}]},"5":{"line":52,"type":"if","locations":[{"start":{"line":52,"column":8},"end":{"line":52,"column":7}},{"start":{"line":52,"column":8},"end":{"line":52,"column":7}}]}},"l":{"1":1,"3":1,"10":1,"11":0,"12":0,"13":0,"14":0,"15":0,"16":0,"20":0,"23":1,"24":6,"25":6,"26":6,"27":0,"30":6,"33":1,"34":3,"37":1,"38":9,"39":9,"40":9,"41":9,"42":1,"44":8,"45":8,"47":8,"50":1,"51":2,"52":2,"53":1,"55":1,"56":1,"59":1}},
"/Users/stemey/work/projects/aem-react-js/component/ResourceComponent.tsx":{"path":"/Users/stemey/work/projects/aem-react-js/component/ResourceComponent.tsx","s":{"1":1,"2":1,"3":1,"4":1,"5":1,"6":1,"7":1,"8":1,"9":1,"10":1,"11":1,"12":1,"13":1,"14":3,"15":1,"16":3,"17":1,"18":3,"19":1,"20":0,"21":1,"22":3,"23":3,"24":2,"25":1,"26":3,"27":3,"28":3,"29":1,"30":3,"31":1,"32":9,"33":6,"34":3,"35":1,"36":0,"37":1,"38":3,"39":3,"40":0,"41":3,"42":2,"43":1,"44":1,"45":1,"46":0,"47":1,"48":0,"49":0,"50":0,"51":0,"52":0,"53":0,"54":0,"55":1,"56":2,"57":1,"58":1,"59":1,"60":3,"61":1,"62":3,"63":1,"64":0,"65":0,"66":0,"67":0,"68":0,"69":0,"70":0,"71":0,"72":0,"73":0,"74":0,"75":0,"76":0,"77":0,"78":0,"79":0,"80":0,"81":0,"82":0,"83":0,"84":0,"85":0,"86":1,"87":1,"88":1},"b":{"1":[1,1],"2":[2,1],"3":[3,0],"4":[3,3],"5":[6,3],"6":[9,9],"7":[0,3],"8":[2,1],"9":[0,0],"10":[0,0],"11":[0,0],"12":[0,0],"13":[0,0]},"f":{"1":1,"2":0,"3":0,"4":3,"5":0,"6":0},"fnMap":{"1":{"name":"(anonymous_3)","line":13,"loc":{"start":{"line":13,"column":0},"end":{"line":13,"column":17}}},"2":{"name":"(anonymous_8)","line":52,"loc":{"start":{"line":52,"column":4},"end":{"line":52,"column":54}}},"3":{"name":"(anonymous_16)","line":111,"loc":{"start":{"line":111,"column":38},"end":{"line":111,"column":59}}},"4":{"name":"(anonymous_19)","line":128,"loc":{"start":{"line":128,"column":4},"end":{"line":128,"column":52}}},"5":{"name":"(anonymous_21)","line":136,"loc":{"start":{"line":136,"column":4},"end":{"line":136,"column":112}}},"6":{"name":"(anonymous_22)","line":144,"loc":{"start":{"line":144,"column":38},"end":{"line":144,"column":73}}}},"statementMap":{"1":{"start":{"line":1,"column":0},"end":{"line":1,"column":31}},"2":{"start":{"line":2,"column":0},"end":{"line":2,"column":42}},"3":{"start":{"line":3,"column":0},"end":{"line":3,"column":38}},"4":{"start":{"line":6,"column":0},"end":{"line":6,"column":45}},"5":{"start":{"line":7,"column":0},"end":{"line":7,"column":43}},"6":{"start":{"line":13,"column":0},"end":{"line":15,"column":1}},"7":{"start":{"line":14,"column":4},"end":{"line":14,"column":11}},"8":{"start":{"line":14,"column":13},"end":{"line":14,"column":19}},"9":{"start":{"line":14,"column":21},"end":{"line":14,"column":27}},"10":{"start":{"line":13,"column":0},"end":{"line":15,"column":1}},"11":{"start":{"line":34,"column":0},"end":{"line":178,"column":1}},"12":{"start":{"line":34,"column":118},"end":{"line":34,"column":136}},"13":{"start":{"line":34,"column":0},"end":{"line":178,"column":1}},"14":{"start":{"line":34,"column":118},"end":{"line":34,"column":136}},"15":{"start":{"line":41,"column":11},"end":{"line":46,"column":5}},"16":{"start":{"line":42,"column":8},"end":{"line":44,"column":10}},"17":{"start":{"line":48,"column":11},"end":{"line":50,"column":5}},"18":{"start":{"line":49,"column":8},"end":{"line":49,"column":26}},"19":{"start":{"line":52,"column":11},"end":{"line":54,"column":5}},"20":{"start":{"line":53,"column":8},"end":{"line":53,"column":26}},"21":{"start":{"line":56,"column":11},"end":{"line":68,"column":5}},"22":{"start":{"line":57,"column":8},"end":{"line":57,"column":33}},"23":{"start":{"line":58,"column":8},"end":{"line":62,"column":9}},"24":{"start":{"line":59,"column":12},"end":{"line":59,"column":43}},"25":{"start":{"line":61,"column":12},"end":{"line":61,"column":69}},"26":{"start":{"line":63,"column":8},"end":{"line":66,"column":9}},"27":{"start":{"line":64,"column":12},"end":{"line":64,"column":85}},"28":{"start":{"line":65,"column":13},"end":{"line":65,"column":123}},"29":{"start":{"line":70,"column":11},"end":{"line":72,"column":5}},"30":{"start":{"line":71,"column":8},"end":{"line":71,"column":58}},"31":{"start":{"line":74,"column":11},"end":{"line":80,"column":5}},"32":{"start":{"line":75,"column":8},"end":{"line":79,"column":9}},"33":{"start":{"line":76,"column":12},"end":{"line":76,"column":43}},"34":{"start":{"line":78,"column":12},"end":{"line":78,"column":24}},"35":{"start":{"line":82,"column":14},"end":{"line":84,"column":5}},"36":{"start":{"line":83,"column":8},"end":{"line":83,"column":38}},"37":{"start":{"line":86,"column":11},"end":{"line":100,"column":5}},"38":{"start":{"line":87,"column":8},"end":{"line":87,"column":43}},"39":{"start":{"line":88,"column":8},"end":{"line":94,"column":9}},"40":{"start":{"line":89,"column":12},"end":{"line":89,"column":41}},"41":{"start":{"line":90,"column":15},"end":{"line":94,"column":9}},"42":{"start":{"line":91,"column":12},"end":{"line":91,"column":37}},"43":{"start":{"line":93,"column":12},"end":{"line":93,"column":38}},"44":{"start":{"line":95,"column":8},"end":{"line":99,"column":10}},"45":{"start":{"line":102,"column":11},"end":{"line":104,"column":5}},"46":{"start":{"line":103,"column":8},"end":{"line":103,"column":48}},"47":{"start":{"line":108,"column":11},"end":{"line":118,"column":5}},"48":{"start":{"line":109,"column":8},"end":{"line":109,"column":48}},"49":{"start":{"line":110,"column":8},"end":{"line":110,"column":31}},"50":{"start":{"line":111,"column":8},"end":{"line":116,"column":11}},"51":{"start":{"line":112,"column":12},"end":{"line":112,"column":47}},"52":{"start":{"line":113,"column":12},"end":{"line":115,"column":13}},"53":{"start":{"line":114,"column":16},"end":{"line":114,"column":47}},"54":{"start":{"line":117,"column":8},"end":{"line":117,"column":24}},"55":{"start":{"line":120,"column":11},"end":{"line":122,"column":5}},"56":{"start":{"line":121,"column":8},"end":{"line":121,"column":42}},"57":{"start":{"line":124,"column":11},"end":{"line":126,"column":5}},"58":{"start":{"line":125,"column":8},"end":{"line":125,"column":70}},"59":{"start":{"line":128,"column":11},"end":{"line":130,"column":5}},"60":{"start":{"line":129,"column":8},"end":{"line":129,"column":94}},"61":{"start":{"line":132,"column":14},"end":{"line":134,"column":5}},"62":{"start":{"line":133,"column":8},"end":{"line":133,"column":17}},"63":{"start":{"line":136,"column":14},"end":{"line":177,"column":5}},"64":{"start":{"line":136,"column":4},"end":{"line":177,"column":5}},"65":{"start":{"line":138,"column":8},"end":{"line":138,"column":63}},"66":{"start":{"line":140,"column":8},"end":{"line":140,"column":60}},"67":{"start":{"line":144,"column":8},"end":{"line":167,"column":17}},"68":{"start":{"line":145,"column":12},"end":{"line":145,"column":56}},"69":{"start":{"line":146,"column":12},"end":{"line":146,"column":70}},"70":{"start":{"line":147,"column":12},"end":{"line":147,"column":102}},"71":{"start":{"line":148,"column":12},"end":{"line":166,"column":13}},"72":{"start":{"line":149,"column":16},"end":{"line":158,"column":17}},"73":{"start":{"line":150,"column":20},"end":{"line":150,"column":105}},"74":{"start":{"line":151,"column":20},"end":{"line":153,"column":67}},"75":{"start":{"line":155,"column":20},"end":{"line":157,"column":123}},"76":{"start":{"line":160,"column":16},"end":{"line":165,"column":17}},"77":{"start":{"line":161,"column":20},"end":{"line":161,"column":132}},"78":{"start":{"line":162,"column":20},"end":{"line":162,"column":84}},"79":{"start":{"line":164,"column":20},"end":{"line":164,"column":137}},"80":{"start":{"line":169,"column":8},"end":{"line":169,"column":52}},"81":{"start":{"line":170,"column":8},"end":{"line":175,"column":9}},"82":{"start":{"line":171,"column":12},"end":{"line":171,"column":66}},"83":{"start":{"line":172,"column":12},"end":{"line":173,"column":88}},"84":{"start":{"line":174,"column":12},"end":{"line":174,"column":42}},"85":{"start":{"line":176,"column":8},"end":{"line":176,"column":31}},"86":{"start":{"line":36,"column":18},"end":{"line":39,"column":6}},"87":{"start":{"line":178,"column":0},"end":{"line":178,"column":1}},"88":{"start":{"line":34,"column":22},"end":{"line":178,"column":1}}},"branchMap":{"1":{"line":13,"type":"binary-expr","locations":[{"start":{"line":13,"column":12},"end":{"line":13,"column":17}},{"start":{"line":13,"column":12},"end":{"line":13,"column":17}}]},"2":{"line":58,"type":"if","locations":[{"start":{"line":58,"column":8},"end":{"line":58,"column":7}},{"start":{"line":58,"column":8},"end":{"line":58,"column":7}}]},"3":{"line":63,"type":"if","locations":[{"start":{"line":63,"column":8},"end":{"line":63,"column":7}},{"start":{"line":63,"column":8},"end":{"line":63,"column":7}}]},"4":{"line":71,"type":"binary-expr","locations":[{"start":{"line":71,"column":15},"end":{"line":71,"column":33}},{"start":{"line":71,"column":37},"end":{"line":71,"column":57}}]},"5":{"line":75,"type":"if","locations":[{"start":{"line":75,"column":8},"end":{"line":75,"column":7}},{"start":{"line":75,"column":8},"end":{"line":75,"column":7}}]},"6":{"line":75,"type":"binary-expr","locations":[{"start":{"line":75,"column":12},"end":{"line":75,"column":45}},{"start":{"line":75,"column":49},"end":{"line":75,"column":68}}]},"7":{"line":88,"type":"if","locations":[{"start":{"line":88,"column":8},"end":{"line":88,"column":7}},{"start":{"line":88,"column":8},"end":{"line":88,"column":7}}]},"8":{"line":90,"type":"if","locations":[{"start":{"line":90,"column":15},"end":{"line":90,"column":14}},{"start":{"line":90,"column":15},"end":{"line":90,"column":14}}]},"9":{"line":113,"type":"if","locations":[{"start":{"line":113,"column":12},"end":{"line":113,"column":11}},{"start":{"line":113,"column":12},"end":{"line":113,"column":11}}]},"10":{"line":148,"type":"if","locations":[{"start":{"line":148,"column":12},"end":{"line":148,"column":11}},{"start":{"line":148,"column":12},"end":{"line":148,"column":11}}]},"11":{"line":149,"type":"if","locations":[{"start":{"line":149,"column":16},"end":{"line":149,"column":15}},{"start":{"line":149,"column":16},"end":{"line":149,"column":15}}]},"12":{"line":160,"type":"if","locations":[{"start":{"line":160,"column":16},"end":{"line":160,"column":15}},{"start":{"line":160,"column":16},"end":{"line":160,"column":15}}]},"13":{"line":170,"type":"if","locations":[{"start":{"line":170,"column":8},"end":{"line":170,"column":7}},{"start":{"line":170,"column":8},"end":{"line":170,"column":7}}]}},"l":{"1":1,"2":1,"3":1,"6":1,"7":1,"13":1,"14":1,"34":3,"36":1,"41":1,"42":3,"48":1,"49":3,"52":1,"53":0,"56":1,"57":3,"58":3,"59":2,"61":1,"63":3,"64":3,"65":3,"70":1,"71":3,"74":1,"75":9,"76":6,"78":3,"82":1,"83":0,"86":1,"87":3,"88":3,"89":0,"90":3,"91":2,"93":1,"95":1,"102":1,"103":0,"108":1,"109":0,"110":0,"111":0,"112":0,"113":0,"114":0,"117":0,"120":1,"121":2,"124":1,"125":1,"128":1,"129":3,"132":1,"133":3,"136":1,"138":0,"140":0,"144":0,"145":0,"146":0,"147":0,"148":0,"149":0,"150":0,"151":0,"155":0,"160":0,"161":0,"162":0,"164":0,"169":0,"170":0,"171":0,"172":0,"174":0,"176":0,"178":1}},
"/Users/stemey/work/projects/aem-react-js/component/AemComponent.tsx":{"path":"/Users/stemey/work/projects/aem-react-js/component/AemComponent.tsx","s":{"1":1,"2":1,"3":1,"4":1,"5":4,"6":1,"7":0,"8":1,"9":0,"10":1,"11":0,"12":1,"13":0,"14":1,"15":3,"16":1,"17":0,"18":1,"19":1,"20":1,"21":0,"22":1,"23":0,"24":1,"25":0,"26":1,"27":1},"b":{"1":[0,0]},"f":{"1":1,"2":0,"3":0,"4":0},"fnMap":{"1":{"name":"(anonymous_11)","line":51,"loc":{"start":{"line":51,"column":4},"end":{"line":51,"column":36}}},"2":{"name":"(anonymous_12)","line":55,"loc":{"start":{"line":55,"column":4},"end":{"line":55,"column":38}}},"3":{"name":"(anonymous_13)","line":59,"loc":{"start":{"line":59,"column":4},"end":{"line":59,"column":40}}},"4":{"name":"(anonymous_14)","line":63,"loc":{"start":{"line":63,"column":4},"end":{"line":63,"column":39}}}},"statementMap":{"1":{"start":{"line":1,"column":0},"end":{"line":1,"column":31}},"2":{"start":{"line":8,"column":0},"end":{"line":67,"column":1}},"3":{"start":{"line":8,"column":48},"end":{"line":8,"column":69}},"4":{"start":{"line":8,"column":0},"end":{"line":67,"column":1}},"5":{"start":{"line":8,"column":48},"end":{"line":8,"column":69}},"6":{"start":{"line":27,"column":11},"end":{"line":29,"column":5}},"7":{"start":{"line":28,"column":8},"end":{"line":28,"column":36}},"8":{"start":{"line":31,"column":11},"end":{"line":33,"column":5}},"9":{"start":{"line":32,"column":8},"end":{"line":32,"column":33}},"10":{"start":{"line":35,"column":11},"end":{"line":37,"column":5}},"11":{"start":{"line":36,"column":8},"end":{"line":36,"column":37}},"12":{"start":{"line":39,"column":11},"end":{"line":41,"column":5}},"13":{"start":{"line":40,"column":8},"end":{"line":40,"column":70}},"14":{"start":{"line":43,"column":14},"end":{"line":45,"column":5}},"15":{"start":{"line":44,"column":8},"end":{"line":44,"column":39}},"16":{"start":{"line":47,"column":11},"end":{"line":49,"column":5}},"17":{"start":{"line":48,"column":8},"end":{"line":48,"column":48}},"18":{"start":{"line":51,"column":11},"end":{"line":53,"column":5}},"19":{"start":{"line":52,"column":8},"end":{"line":52,"column":59}},"20":{"start":{"line":55,"column":11},"end":{"line":57,"column":5}},"21":{"start":{"line":56,"column":8},"end":{"line":56,"column":70}},"22":{"start":{"line":59,"column":11},"end":{"line":61,"column":5}},"23":{"start":{"line":60,"column":8},"end":{"line":60,"column":88}},"24":{"start":{"line":63,"column":11},"end":{"line":65,"column":5}},"25":{"start":{"line":64,"column":8},"end":{"line":64,"column":87}},"26":{"start":{"line":11,"column":18},"end":{"line":17,"column":6}},"27":{"start":{"line":67,"column":0},"end":{"line":67,"column":1}}},"branchMap":{"1":{"line":40,"type":"binary-expr","locations":[{"start":{"line":40,"column":15},"end":{"line":40,"column":33}},{"start":{"line":40,"column":37},"end":{"line":40,"column":69}}]}},"l":{"1":1,"8":4,"11":1,"27":1,"28":0,"31":1,"32":0,"35":1,"36":0,"39":1,"40":0,"43":1,"44":3,"47":1,"48":0,"51":1,"52":1,"55":1,"56":0,"59":1,"60":0,"63":1,"64":0,"67":1}},
"/Users/stemey/work/projects/aem-react-js/component/EditDialog.tsx":{"path":"/Users/stemey/work/projects/aem-react-js/component/EditDialog.tsx","s":{"1":1,"2":1,"3":1,"4":1,"5":1,"6":1,"7":1,"8":1,"9":1,"10":1,"11":1,"12":0,"13":1,"14":1,"15":1,"16":0,"17":0,"18":0,"19":0,"20":0,"21":0,"22":1,"23":1,"24":1,"25":1,"26":0,"27":0,"28":0,"29":1},"b":{"1":[1,0],"2":[0,1],"3":[0,0],"4":[0,0],"5":[0,0],"6":[1,0],"7":[0,0]},"f":{"1":1,"2":0,"3":1},"fnMap":{"1":{"name":"(anonymous_6)","line":27,"loc":{"start":{"line":27,"column":4},"end":{"line":27,"column":55}}},"2":{"name":"(anonymous_7)","line":30,"loc":{"start":{"line":30,"column":51},"end":{"line":30,"column":63}}},"3":{"name":"(anonymous_8)","line":42,"loc":{"start":{"line":42,"column":4},"end":{"line":42,"column":54}}}},"statementMap":{"1":{"start":{"line":1,"column":0},"end":{"line":1,"column":31}},"2":{"start":{"line":2,"column":0},"end":{"line":2,"column":42}},"3":{"start":{"line":14,"column":0},"end":{"line":53,"column":1}},"4":{"start":{"line":14,"column":40},"end":{"line":14,"column":74}},"5":{"start":{"line":14,"column":0},"end":{"line":53,"column":1}},"6":{"start":{"line":14,"column":40},"end":{"line":14,"column":74}},"7":{"start":{"line":16,"column":11},"end":{"line":25,"column":5}},"8":{"start":{"line":17,"column":8},"end":{"line":17,"column":54}},"9":{"start":{"line":18,"column":8},"end":{"line":18,"column":104}},"10":{"start":{"line":20,"column":8},"end":{"line":24,"column":9}},"11":{"start":{"line":21,"column":12},"end":{"line":21,"column":53}},"12":{"start":{"line":23,"column":12},"end":{"line":23,"column":68}},"13":{"start":{"line":27,"column":12},"end":{"line":40,"column":5}},"14":{"start":{"line":28,"column":8},"end":{"line":28,"column":51}},"15":{"start":{"line":29,"column":8},"end":{"line":38,"column":9}},"16":{"start":{"line":30,"column":12},"end":{"line":30,"column":110}},"17":{"start":{"line":30,"column":68},"end":{"line":30,"column":108}},"18":{"start":{"line":31,"column":12},"end":{"line":37,"column":13}},"19":{"start":{"line":32,"column":16},"end":{"line":36,"column":17}},"20":{"start":{"line":33,"column":20},"end":{"line":33,"column":74}},"21":{"start":{"line":35,"column":20},"end":{"line":35,"column":67}},"22":{"start":{"line":39,"column":8},"end":{"line":39,"column":124}},"23":{"start":{"line":42,"column":12},"end":{"line":50,"column":5}},"24":{"start":{"line":43,"column":8},"end":{"line":45,"column":9}},"25":{"start":{"line":44,"column":12},"end":{"line":44,"column":24}},"26":{"start":{"line":46,"column":8},"end":{"line":48,"column":9}},"27":{"start":{"line":47,"column":12},"end":{"line":47,"column":81}},"28":{"start":{"line":49,"column":8},"end":{"line":49,"column":70}},"29":{"start":{"line":53,"column":0},"end":{"line":53,"column":1}}},"branchMap":{"1":{"line":20,"type":"if","locations":[{"start":{"line":20,"column":8},"end":{"line":20,"column":7}},{"start":{"line":20,"column":8},"end":{"line":20,"column":7}}]},"2":{"line":29,"type":"if","locations":[{"start":{"line":29,"column":8},"end":{"line":29,"column":7}},{"start":{"line":29,"column":8},"end":{"line":29,"column":7}}]},"3":{"line":31,"type":"if","locations":[{"start":{"line":31,"column":12},"end":{"line":31,"column":11}},{"start":{"line":31,"column":12},"end":{"line":31,"column":11}}]},"4":{"line":32,"type":"if","locations":[{"start":{"line":32,"column":16},"end":{"line":32,"column":15}},{"start":{"line":32,"column":16},"end":{"line":32,"column":15}}]},"5":{"line":32,"type":"binary-expr","locations":[{"start":{"line":32,"column":20},"end":{"line":32,"column":66}},{"start":{"line":32,"column":70},"end":{"line":32,"column":102}}]},"6":{"line":43,"type":"if","locations":[{"start":{"line":43,"column":8},"end":{"line":43,"column":7}},{"start":{"line":43,"column":8},"end":{"line":43,"column":7}}]},"7":{"line":46,"type":"if","locations":[{"start":{"line":46,"column":8},"end":{"line":46,"column":7}},{"start":{"line":46,"column":8},"end":{"line":46,"column":7}}]}},"l":{"1":1,"2":1,"14":1,"16":1,"17":1,"18":1,"20":1,"21":1,"23":0,"27":1,"28":1,"29":1,"30":0,"31":0,"32":0,"33":0,"35":0,"39":1,"42":1,"43":1,"44":1,"46":0,"47":0,"49":0,"53":1}},
"/Users/stemey/work/projects/aem-react-js/include.tsx":{"path":"/Users/stemey/work/projects/aem-react-js/include.tsx","s":{"1":1,"2":1,"3":1,"4":1,"5":1,"6":1,"7":0,"8":1,"9":0,"10":0,"11":0,"12":0,"13":0,"14":1,"15":1},"b":{"1":[0,0],"2":[0,0]},"f":{},"fnMap":{},"statementMap":{"1":{"start":{"line":1,"column":0},"end":{"line":1,"column":31}},"2":{"start":{"line":2,"column":0},"end":{"line":2,"column":52}},"3":{"start":{"line":4,"column":0},"end":{"line":4,"column":44}},"4":{"start":{"line":14,"column":0},"end":{"line":29,"column":1}},"5":{"start":{"line":14,"column":37},"end":{"line":14,"column":68}},"6":{"start":{"line":14,"column":0},"end":{"line":29,"column":1}},"7":{"start":{"line":14,"column":37},"end":{"line":14,"column":68}},"8":{"start":{"line":16,"column":11},"end":{"line":26,"column":5}},"9":{"start":{"line":17,"column":8},"end":{"line":17,"column":37}},"10":{"start":{"line":18,"column":8},"end":{"line":18,"column":132}},"11":{"start":{"line":20,"column":8},"end":{"line":20,"column":74}},"12":{"start":{"line":21,"column":8},"end":{"line":21,"column":73}},"13":{"start":{"line":23,"column":8},"end":{"line":25,"column":11}},"14":{"start":{"line":29,"column":0},"end":{"line":29,"column":1}},"15":{"start":{"line":14,"column":13},"end":{"line":29,"column":1}}},"branchMap":{"1":{"line":18,"type":"cond-expr","locations":[{"start":{"line":18,"column":75},"end":{"line":18,"column":90}},{"start":{"line":18,"column":93},"end":{"line":18,"column":131}}]},"2":{"line":23,"type":"binary-expr","locations":[{"start":{"line":23,"column":35},"end":{"line":23,"column":53}},{"start":{"line":23,"column":57},"end":{"line":23,"column":62}}]}},"l":{"1":1,"2":1,"4":1,"14":1,"16":1,"17":0,"18":0,"20":0,"21":0,"23":0,"29":1}},
"/Users/stemey/work/projects/aem-react-js/component/RootComponent.tsx":{"path":"/Users/stemey/work/projects/aem-react-js/component/RootComponent.tsx","s":{"1":1,"2":1,"3":1,"4":1,"5":2,"6":1,"7":2,"8":1,"9":2,"10":2,"11":1,"12":1},"b":{},"f":{},"fnMap":{},"statementMap":{"1":{"start":{"line":1,"column":0},"end":{"line":1,"column":31}},"2":{"start":{"line":11,"column":0},"end":{"line":27,"column":1}},"3":{"start":{"line":11,"column":43},"end":{"line":11,"column":83}},"4":{"start":{"line":11,"column":0},"end":{"line":27,"column":1}},"5":{"start":{"line":11,"column":43},"end":{"line":11,"column":83}},"6":{"start":{"line":16,"column":11},"end":{"line":20,"column":5}},"7":{"start":{"line":17,"column":8},"end":{"line":19,"column":10}},"8":{"start":{"line":22,"column":11},"end":{"line":25,"column":5}},"9":{"start":{"line":23,"column":8},"end":{"line":23,"column":95}},"10":{"start":{"line":24,"column":8},"end":{"line":24,"column":64}},"11":{"start":{"line":12,"column":18},"end":{"line":14,"column":6}},"12":{"start":{"line":27,"column":0},"end":{"line":27,"column":1}}},"branchMap":{},"l":{"1":1,"11":2,"12":1,"16":1,"17":2,"22":1,"23":2,"24":2,"27":1}},
"/Users/stemey/work/projects/aem-react-js/RootComponentRegistry.tsx":{"path":"/Users/stemey/work/projects/aem-react-js/RootComponentRegistry.tsx","s":{"1":1,"2":1,"3":1,"4":1,"5":1,"6":1,"7":1,"8":1,"9":1,"10":1,"11":1,"12":1,"13":1,"14":1,"15":1,"16":1,"17":1,"18":1,"19":1,"20":0,"21":0,"22":1,"23":0,"24":1,"25":0,"26":0,"27":0,"28":0,"29":1,"30":0,"31":0,"32":0,"33":0,"34":1},"b":{"1":[1,0],"2":[0,0]},"f":{"1":1,"2":1,"3":1,"4":0,"5":0,"6":0,"7":0},"fnMap":{"1":{"name":"Mapping","line":9,"loc":{"start":{"line":9,"column":4},"end":{"line":9,"column":94}}},"2":{"name":"(anonymous_5)","line":27,"loc":{"start":{"line":27,"column":4},"end":{"line":27,"column":42}}},"3":{"name":"(anonymous_6)","line":33,"loc":{"start":{"line":33,"column":4},"end":{"line":33,"column":41}}},"4":{"name":"(anonymous_7)","line":43,"loc":{"start":{"line":43,"column":4},"end":{"line":43,"column":44}}},"5":{"name":"(anonymous_8)","line":47,"loc":{"start":{"line":47,"column":4},"end":{"line":47,"column":36}}},"6":{"name":"(anonymous_10)","line":59,"loc":{"start":{"line":59,"column":32},"end":{"line":59,"column":60}}},"7":{"name":"(anonymous_11)","line":60,"loc":{"start":{"line":60,"column":38},"end":{"line":60,"column":55}}}},"statementMap":{"1":{"start":{"line":1,"column":0},"end":{"line":1,"column":31}},"2":{"start":{"line":4,"column":0},"end":{"line":14,"column":1}},"3":{"start":{"line":9,"column":4},"end":{"line":13,"column":5}},"4":{"start":{"line":10,"column":8},"end":{"line":10,"column":41}},"5":{"start":{"line":11,"column":8},"end":{"line":11,"column":45}},"6":{"start":{"line":12,"column":8},"end":{"line":12,"column":31}},"7":{"start":{"line":14,"column":0},"end":{"line":14,"column":1}},"8":{"start":{"line":4,"column":13},"end":{"line":14,"column":1}},"9":{"start":{"line":16,"column":0},"end":{"line":66,"column":1}},"10":{"start":{"line":23,"column":4},"end":{"line":25,"column":5}},"11":{"start":{"line":20,"column":12},"end":{"line":20,"column":85}},"12":{"start":{"line":21,"column":12},"end":{"line":21,"column":81}},"13":{"start":{"line":24,"column":8},"end":{"line":24,"column":29}},"14":{"start":{"line":27,"column":11},"end":{"line":29,"column":5}},"15":{"start":{"line":28,"column":8},"end":{"line":28,"column":39}},"16":{"start":{"line":33,"column":11},"end":{"line":41,"column":5}},"17":{"start":{"line":34,"column":8},"end":{"line":40,"column":9}},"18":{"start":{"line":35,"column":12},"end":{"line":35,"column":95}},"19":{"start":{"line":36,"column":12},"end":{"line":36,"column":68}},"20":{"start":{"line":38,"column":12},"end":{"line":38,"column":69}},"21":{"start":{"line":39,"column":12},"end":{"line":39,"column":68}},"22":{"start":{"line":43,"column":11},"end":{"line":45,"column":5}},"23":{"start":{"line":44,"column":8},"end":{"line":44,"column":58}},"24":{"start":{"line":47,"column":11},"end":{"line":56,"column":5}},"25":{"start":{"line":49,"column":8},"end":{"line":49,"column":81}},"26":{"start":{"line":51,"column":8},"end":{"line":54,"column":9}},"27":{"start":{"line":53,"column":12},"end":{"line":53,"column":84}},"28":{"start":{"line":55,"column":8},"end":{"line":55,"column":84}},"29":{"start":{"line":58,"column":11},"end":{"line":64,"column":5}},"30":{"start":{"line":58,"column":4},"end":{"line":64,"column":5}},"31":{"start":{"line":59,"column":8},"end":{"line":63,"column":17}},"32":{"start":{"line":60,"column":12},"end":{"line":62,"column":21}},"33":{"start":{"line":61,"column":16},"end":{"line":61,"column":39}},"34":{"start":{"line":66,"column":0},"end":{"line":66,"column":1}}},"branchMap":{"1":{"line":34,"type":"if","locations":[{"start":{"line":34,"column":8},"end":{"line":34,"column":7}},{"start":{"line":34,"column":8},"end":{"line":34,"column":7}}]},"2":{"line":51,"type":"if","locations":[{"start":{"line":51,"column":8},"end":{"line":51,"column":7}},{"start":{"line":51,"column":8},"end":{"line":51,"column":7}}]}},"l":{"1":1,"4":1,"9":1,"10":1,"11":1,"12":1,"14":1,"16":1,"20":1,"21":1,"23":1,"24":1,"27":1,"28":1,"33":1,"34":1,"35":1,"36":1,"38":0,"39":0,"43":1,"44":0,"47":1,"49":0,"51":0,"53":0,"55":0,"58":1,"59":0,"60":0,"61":0,"66":1}},
"/Users/stemey/work/projects/aem-react-js/ComponentRegistry.tsx":{"path":"/Users/stemey/work/projects/aem-react-js/ComponentRegistry.tsx","s":{"1":1,"2":1,"3":1,"4":1,"5":1,"6":1,"7":1,"8":1,"9":1,"10":1,"11":1,"12":0,"13":0,"14":0,"15":0,"16":1,"17":1,"18":1,"19":0,"20":1,"21":0,"22":1,"23":1,"24":1,"25":1,"26":1,"27":1,"28":1,"29":1,"30":0,"31":1,"32":1},"b":{"1":[0,1],"2":[0,1],"3":[1,0],"4":[0,1]},"f":{"1":1,"2":1,"3":0,"4":1,"5":1},"fnMap":{"1":{"name":"ComponentRegistry","line":17,"loc":{"start":{"line":17,"column":4},"end":{"line":17,"column":29}}},"2":{"name":"(anonymous_3)","line":22,"loc":{"start":{"line":22,"column":4},"end":{"line":22,"column":58}}},"3":{"name":"(anonymous_4)","line":30,"loc":{"start":{"line":30,"column":4},"end":{"line":30,"column":50}}},"4":{"name":"(anonymous_5)","line":39,"loc":{"start":{"line":39,"column":4},"end":{"line":39,"column":56}}},"5":{"name":"(anonymous_6)","line":51,"loc":{"start":{"line":51,"column":4},"end":{"line":51,"column":61}}}},"statementMap":{"1":{"start":{"line":2,"column":0},"end":{"line":2,"column":48}},"2":{"start":{"line":3,"column":0},"end":{"line":3,"column":56}},"3":{"start":{"line":6,"column":0},"end":{"line":62,"column":1}},"4":{"start":{"line":17,"column":4},"end":{"line":20,"column":5}},"5":{"start":{"line":18,"column":8},"end":{"line":18,"column":27}},"6":{"start":{"line":19,"column":8},"end":{"line":19,"column":31}},"7":{"start":{"line":22,"column":11},"end":{"line":28,"column":5}},"8":{"start":{"line":24,"column":8},"end":{"line":24,"column":73}},"9":{"start":{"line":26,"column":8},"end":{"line":26,"column":78}},"10":{"start":{"line":27,"column":8},"end":{"line":27,"column":77}},"11":{"start":{"line":30,"column":11},"end":{"line":37,"column":5}},"12":{"start":{"line":32,"column":8},"end":{"line":32,"column":75}},"13":{"start":{"line":34,"column":8},"end":{"line":34,"column":78}},"14":{"start":{"line":35,"column":8},"end":{"line":35,"column":105}},"15":{"start":{"line":36,"column":8},"end":{"line":36,"column":74}},"16":{"start":{"line":39,"column":12},"end":{"line":49,"column":5}},"17":{"start":{"line":40,"column":8},"end":{"line":40,"column":40}},"18":{"start":{"line":41,"column":8},"end":{"line":47,"column":9}},"19":{"start":{"line":42,"column":12},"end":{"line":42,"column":60}},"20":{"start":{"line":43,"column":15},"end":{"line":47,"column":9}},"21":{"start":{"line":44,"column":12},"end":{"line":44,"column":96}},"22":{"start":{"line":46,"column":12},"end":{"line":46,"column":75}},"23":{"start":{"line":48,"column":8},"end":{"line":48,"column":28}},"24":{"start":{"line":51,"column":12},"end":{"line":61,"column":5}},"25":{"start":{"line":52,"column":8},"end":{"line":52,"column":72}},"26":{"start":{"line":53,"column":8},"end":{"line":60,"column":9}},"27":{"start":{"line":54,"column":12},"end":{"line":54,"column":68}},"28":{"start":{"line":55,"column":12},"end":{"line":55,"column":77}},"29":{"start":{"line":56,"column":12},"end":{"line":58,"column":13}},"30":{"start":{"line":57,"column":16},"end":{"line":57,"column":72}},"31":{"start":{"line":59,"column":12},"end":{"line":59,"column":32}},"32":{"start":{"line":62,"column":0},"end":{"line":62,"column":1}}},"branchMap":{"1":{"line":41,"type":"if","locations":[{"start":{"line":41,"column":8},"end":{"line":41,"column":7}},{"start":{"line":41,"column":8},"end":{"line":41,"column":7}}]},"2":{"line":43,"type":"if","locations":[{"start":{"line":43,"column":15},"end":{"line":43,"column":14}},{"start":{"line":43,"column":15},"end":{"line":43,"column":14}}]},"3":{"line":53,"type":"if","locations":[{"start":{"line":53,"column":8},"end":{"line":53,"column":7}},{"start":{"line":53,"column":8},"end":{"line":53,"column":7}}]},"4":{"line":56,"type":"if","locations":[{"start":{"line":56,"column":12},"end":{"line":56,"column":11}},{"start":{"line":56,"column":12},"end":{"line":56,"column":11}}]}},"l":{"2":1,"3":1,"6":1,"17":1,"18":1,"19":1,"22":1,"24":1,"26":1,"27":1,"30":1,"32":0,"34":0,"35":0,"36":0,"39":1,"40":1,"41":1,"42":0,"43":1,"44":0,"46":1,"48":1,"51":1,"52":1,"53":1,"54":1,"55":1,"56":1,"57":0,"59":1,"62":1}},
"/Users/stemey/work/projects/aem-react-js/component/WrapperFactory.tsx":{"path":"/Users/stemey/work/projects/aem-react-js/component/WrapperFactory.tsx","s":{"1":1,"2":1,"3":1,"4":1,"5":1,"6":0,"7":0,"8":1,"9":0,"10":0,"11":0,"12":0,"13":1,"14":1,"15":1,"16":1,"17":0,"18":0,"19":1,"20":0,"21":1,"22":0,"23":0,"24":0,"25":0,"26":0,"27":0,"28":0,"29":0,"30":0,"31":0,"32":0,"33":0,"34":0,"35":0,"36":1,"37":0,"38":1,"39":1},"b":{"1":[0,0],"2":[0,0],"3":[0,0],"4":[0,0]},"f":{"1":0,"2":0,"3":0,"4":0},"fnMap":{"1":{"name":"(anonymous_5)","line":20,"loc":{"start":{"line":20,"column":4},"end":{"line":20,"column":77}}},"2":{"name":"TheWrapper","line":22,"loc":{"start":{"line":22,"column":12},"end":{"line":22,"column":50}}},"3":{"name":"Wrapper","line":41,"loc":{"start":{"line":41,"column":4},"end":{"line":41,"column":74}}},"4":{"name":"(anonymous_13)","line":54,"loc":{"start":{"line":54,"column":51},"end":{"line":54,"column":63}}}},"statementMap":{"1":{"start":{"line":1,"column":0},"end":{"line":1,"column":54}},"2":{"start":{"line":2,"column":0},"end":{"line":2,"column":31}},"3":{"start":{"line":13,"column":0},"end":{"line":31,"column":1}},"4":{"start":{"line":13,"column":0},"end":{"line":31,"column":1}},"5":{"start":{"line":20,"column":18},"end":{"line":30,"column":5}},"6":{"start":{"line":21,"column":8},"end":{"line":29,"column":10}},"7":{"start":{"line":21,"column":40},"end":{"line":21,"column":47}},"8":{"start":{"line":22,"column":12},"end":{"line":24,"column":13}},"9":{"start":{"line":23,"column":16},"end":{"line":23,"column":46}},"10":{"start":{"line":26,"column":19},"end":{"line":28,"column":13}},"11":{"start":{"line":27,"column":16},"end":{"line":27,"column":36}},"12":{"start":{"line":29,"column":8},"end":{"line":29,"column":9}},"13":{"start":{"line":31,"column":0},"end":{"line":31,"column":1}},"14":{"start":{"line":33,"column":0},"end":{"line":68,"column":1}},"15":{"start":{"line":33,"column":29},"end":{"line":33,"column":61}},"16":{"start":{"line":41,"column":4},"end":{"line":44,"column":5}},"17":{"start":{"line":42,"column":8},"end":{"line":42,"column":30}},"18":{"start":{"line":43,"column":8},"end":{"line":43,"column":29}},"19":{"start":{"line":37,"column":14},"end":{"line":39,"column":5}},"20":{"start":{"line":38,"column":8},"end":{"line":38,"column":38}},"21":{"start":{"line":46,"column":11},"end":{"line":63,"column":5}},"22":{"start":{"line":46,"column":4},"end":{"line":63,"column":5}},"23":{"start":{"line":47,"column":8},"end":{"line":47,"column":48}},"24":{"start":{"line":48,"column":8},"end":{"line":51,"column":9}},"25":{"start":{"line":49,"column":12},"end":{"line":49,"column":84}},"26":{"start":{"line":50,"column":12},"end":{"line":50,"column":147}},"27":{"start":{"line":52,"column":8},"end":{"line":52,"column":44}},"28":{"start":{"line":53,"column":8},"end":{"line":55,"column":9}},"29":{"start":{"line":54,"column":12},"end":{"line":54,"column":105}},"30":{"start":{"line":54,"column":68},"end":{"line":54,"column":103}},"31":{"start":{"line":56,"column":8},"end":{"line":56,"column":44}},"32":{"start":{"line":57,"column":8},"end":{"line":61,"column":9}},"33":{"start":{"line":58,"column":12},"end":{"line":58,"column":58}},"34":{"start":{"line":60,"column":12},"end":{"line":60,"column":29}},"35":{"start":{"line":62,"column":8},"end":{"line":62,"column":75}},"36":{"start":{"line":65,"column":11},"end":{"line":67,"column":5}},"37":{"start":{"line":66,"column":8},"end":{"line":66,"column":29}},"38":{"start":{"line":68,"column":0},"end":{"line":68,"column":1}},"39":{"start":{"line":33,"column":13},"end":{"line":68,"column":1}}},"branchMap":{"1":{"line":38,"type":"binary-expr","locations":[{"start":{"line":38,"column":15},"end":{"line":38,"column":32}},{"start":{"line":38,"column":36},"end":{"line":38,"column":37}}]},"2":{"line":48,"type":"if","locations":[{"start":{"line":48,"column":8},"end":{"line":48,"column":7}},{"start":{"line":48,"column":8},"end":{"line":48,"column":7}}]},"3":{"line":53,"type":"if","locations":[{"start":{"line":53,"column":8},"end":{"line":53,"column":7}},{"start":{"line":53,"column":8},"end":{"line":53,"column":7}}]},"4":{"line":57,"type":"if","locations":[{"start":{"line":57,"column":8},"end":{"line":57,"column":7}},{"start":{"line":57,"column":8},"end":{"line":57,"column":7}}]}},"l":{"1":1,"2":1,"13":1,"20":1,"21":0,"22":1,"23":0,"26":0,"27":0,"29":0,"31":1,"33":1,"37":1,"38":0,"41":1,"42":0,"43":0,"46":1,"47":0,"48":0,"49":0,"50":0,"52":0,"53":0,"54":0,"56":0,"57":0,"58":0,"60":0,"62":0,"65":1,"66":0,"68":1}},
"/Users/stemey/work/projects/aem-react-js/di/Container.tsx":{"path":"/Users/stemey/work/projects/aem-react-js/di/Container.tsx","s":{"1":1,"2":1,"3":1,"4":1,"5":1,"6":2,"7":1,"8":4,"9":1,"10":0,"11":0,"12":1,"13":0,"14":0,"15":1,"16":0,"17":0,"18":1,"19":1},"b":{},"f":{"1":2,"2":4,"3":0,"4":0,"5":0},"fnMap":{"1":{"name":"(anonymous_3)","line":23,"loc":{"start":{"line":23,"column":4},"end":{"line":23,"column":46}}},"2":{"name":"(anonymous_4)","line":32,"loc":{"start":{"line":32,"column":4},"end":{"line":32,"column":27}}},"3":{"name":"(anonymous_5)","line":41,"loc":{"start":{"line":41,"column":4},"end":{"line":41,"column":38}}},"4":{"name":"(anonymous_7)","line":52,"loc":{"start":{"line":52,"column":4},"end":{"line":52,"column":53}}},"5":{"name":"(anonymous_9)","line":63,"loc":{"start":{"line":63,"column":4},"end":{"line":63,"column":54}}}},"statementMap":{"1":{"start":{"line":2,"column":0},"end":{"line":2,"column":42}},"2":{"start":{"line":10,"column":0},"end":{"line":70,"column":1}},"3":{"start":{"line":14,"column":4},"end":{"line":16,"column":5}},"4":{"start":{"line":15,"column":8},"end":{"line":15,"column":27}},"5":{"start":{"line":23,"column":11},"end":{"line":25,"column":5}},"6":{"start":{"line":24,"column":8},"end":{"line":24,"column":38}},"7":{"start":{"line":32,"column":11},"end":{"line":34,"column":5}},"8":{"start":{"line":33,"column":8},"end":{"line":33,"column":35}},"9":{"start":{"line":41,"column":11},"end":{"line":45,"column":5}},"10":{"start":{"line":42,"column":8},"end":{"line":44,"column":17}},"11":{"start":{"line":43,"column":12},"end":{"line":43,"column":44}},"12":{"start":{"line":52,"column":11},"end":{"line":56,"column":5}},"13":{"start":{"line":53,"column":8},"end":{"line":55,"column":30}},"14":{"start":{"line":54,"column":12},"end":{"line":54,"column":51}},"15":{"start":{"line":63,"column":11},"end":{"line":67,"column":5}},"16":{"start":{"line":64,"column":8},"end":{"line":66,"column":30}},"17":{"start":{"line":65,"column":12},"end":{"line":65,"column":52}},"18":{"start":{"line":70,"column":0},"end":{"line":70,"column":1}},"19":{"start":{"line":10,"column":13},"end":{"line":70,"column":1}}},"branchMap":{},"l":{"2":1,"10":1,"14":1,"15":1,"23":1,"24":2,"32":1,"33":4,"41":1,"42":0,"43":0,"52":1,"53":0,"54":0,"63":1,"64":0,"65":0,"70":1}},
"/Users/stemey/work/projects/aem-react-js/di/ServiceProxy.tsx":{"path":"/Users/stemey/work/projects/aem-react-js/di/ServiceProxy.tsx","s":{"1":1,"2":1,"3":2,"4":2,"5":2,"6":1,"7":2,"8":2,"9":4,"10":2,"11":2,"12":2,"13":2,"14":1,"15":0,"16":1,"17":1},"b":{"1":[0,1]},"f":{"1":2,"2":2},"fnMap":{"1":{"name":"ServiceProxy","line":11,"loc":{"start":{"line":11,"column":4},"end":{"line":11,"column":62}}},"2":{"name":"(anonymous_3)","line":28,"loc":{"start":{"line":28,"column":4},"end":{"line":28,"column":32}}}},"statementMap":{"1":{"start":{"line":10,"column":0},"end":{"line":40,"column":1}},"2":{"start":{"line":11,"column":4},"end":{"line":15,"column":5}},"3":{"start":{"line":12,"column":8},"end":{"line":12,"column":27}},"4":{"start":{"line":13,"column":8},"end":{"line":13,"column":31}},"5":{"start":{"line":14,"column":8},"end":{"line":14,"column":25}},"6":{"start":{"line":28,"column":11},"end":{"line":38,"column":5}},"7":{"start":{"line":28,"column":4},"end":{"line":38,"column":5}},"8":{"start":{"line":28,"column":34},"end":{"line":28,"column":48}},"9":{"start":{"line":28,"column":34},"end":{"line":28,"column":48}},"10":{"start":{"line":29,"column":8},"end":{"line":29,"column":91}},"11":{"start":{"line":30,"column":8},"end":{"line":37,"column":11}},"12":{"start":{"line":31,"column":12},"end":{"line":31,"column":50}},"13":{"start":{"line":32,"column":12},"end":{"line":32,"column":59}},"14":{"start":{"line":33,"column":12},"end":{"line":35,"column":13}},"15":{"start":{"line":34,"column":16},"end":{"line":34,"column":28}},"16":{"start":{"line":36,"column":12},"end":{"line":36,"column":38}},"17":{"start":{"line":40,"column":0},"end":{"line":40,"column":1}}},"branchMap":{"1":{"line":33,"type":"if","locations":[{"start":{"line":33,"column":12},"end":{"line":33,"column":11}},{"start":{"line":33,"column":12},"end":{"line":33,"column":11}}]}},"l":{"10":1,"11":1,"12":2,"13":2,"14":2,"28":4,"29":2,"30":2,"31":2,"32":2,"33":1,"34":0,"36":1,"40":1}},
"/Users/stemey/work/projects/aem-react-js/ComponentManager.tsx":{"path":"/Users/stemey/work/projects/aem-react-js/ComponentManager.tsx","s":{"1":1,"2":1,"3":1,"4":1,"5":1,"6":1,"7":1,"8":1,"9":0,"10":0,"11":0,"12":0,"13":0,"14":0,"15":0,"16":0,"17":0,"18":0,"19":0,"20":0,"21":0,"22":1,"23":0,"24":1,"25":0,"26":1,"27":0,"28":0,"29":0,"30":0,"31":1},"b":{"1":[0,0],"2":[0,0],"3":[0,0]},"f":{"1":1,"2":0,"3":0,"4":0},"fnMap":{"1":{"name":"ComponentManager","line":27,"loc":{"start":{"line":27,"column":4},"end":{"line":27,"column":69}}},"2":{"name":"(anonymous_3)","line":40,"loc":{"start":{"line":40,"column":4},"end":{"line":40,"column":39}}},"3":{"name":"(anonymous_4)","line":63,"loc":{"start":{"line":63,"column":4},"end":{"line":63,"column":63}}},"4":{"name":"(anonymous_5)","line":67,"loc":{"start":{"line":67,"column":4},"end":{"line":67,"column":44}}}},"statementMap":{"1":{"start":{"line":1,"column":0},"end":{"line":1,"column":31}},"2":{"start":{"line":2,"column":0},"end":{"line":2,"column":38}},"3":{"start":{"line":4,"column":0},"end":{"line":4,"column":54}},"4":{"start":{"line":25,"column":0},"end":{"line":81,"column":1}},"5":{"start":{"line":27,"column":4},"end":{"line":30,"column":5}},"6":{"start":{"line":28,"column":8},"end":{"line":28,"column":35}},"7":{"start":{"line":29,"column":8},"end":{"line":29,"column":33}},"8":{"start":{"line":40,"column":11},"end":{"line":60,"column":5}},"9":{"start":{"line":41,"column":8},"end":{"line":41,"column":106}},"10":{"start":{"line":42,"column":8},"end":{"line":59,"column":9}},"11":{"start":{"line":43,"column":12},"end":{"line":43,"column":72}},"12":{"start":{"line":44,"column":12},"end":{"line":56,"column":13}},"13":{"start":{"line":45,"column":16},"end":{"line":45,"column":74}},"14":{"start":{"line":46,"column":16},"end":{"line":55,"column":17}},"15":{"start":{"line":47,"column":20},"end":{"line":47,"column":116}},"16":{"start":{"line":49,"column":20},"end":{"line":49,"column":91}},"17":{"start":{"line":50,"column":20},"end":{"line":50,"column":67}},"18":{"start":{"line":51,"column":20},"end":{"line":51,"column":50}},"19":{"start":{"line":52,"column":20},"end":{"line":52,"column":112}},"20":{"start":{"line":53,"column":20},"end":{"line":53,"column":131}},"21":{"start":{"line":58,"column":12},"end":{"line":58,"column":134}},"22":{"start":{"line":63,"column":11},"end":{"line":65,"column":5}},"23":{"start":{"line":64,"column":8},"end":{"line":64,"column":56}},"24":{"start":{"line":67,"column":11},"end":{"line":69,"column":5}},"25":{"start":{"line":68,"column":8},"end":{"line":68,"column":56}},"26":{"start":{"line":74,"column":11},"end":{"line":79,"column":5}},"27":{"start":{"line":75,"column":8},"end":{"line":75,"column":77}},"28":{"start":{"line":76,"column":8},"end":{"line":78,"column":9}},"29":{"start":{"line":76,"column":13},"end":{"line":76,"column":21}},"30":{"start":{"line":77,"column":12},"end":{"line":77,"column":42}},"31":{"start":{"line":81,"column":0},"end":{"line":81,"column":1}}},"branchMap":{"1":{"line":42,"type":"if","locations":[{"start":{"line":42,"column":8},"end":{"line":42,"column":7}},{"start":{"line":42,"column":8},"end":{"line":42,"column":7}}]},"2":{"line":44,"type":"if","locations":[{"start":{"line":44,"column":12},"end":{"line":44,"column":11}},{"start":{"line":44,"column":12},"end":{"line":44,"column":11}}]},"3":{"line":46,"type":"if","locations":[{"start":{"line":46,"column":16},"end":{"line":46,"column":15}},{"start":{"line":46,"column":16},"end":{"line":46,"column":15}}]}},"l":{"1":1,"2":1,"4":1,"25":1,"27":1,"28":1,"29":1,"40":1,"41":0,"42":0,"43":0,"44":0,"45":0,"46":0,"47":0,"49":0,"50":0,"51":0,"52":0,"53":0,"58":0,"63":1,"64":0,"67":1,"68":0,"74":1,"75":0,"76":0,"77":0,"81":1}}}
